<?xml version="1.0" encoding="UTF-8"?>
<!-- Generated by org.testng.reporters.JUnitXMLReporter -->
<testsuite ignored="0" hostname="SHARP" failures="4" tests="4" name="Default test" time="2.0" errors="0" timestamp="2024-08-07T11:51:17 IST">
  <testcase classname="io.cucumber.testng.AbstractTestNGCucumberTests" name="runScenario" time="0.582">
    <failure type="java.lang.NullPointerException" message="Cannot invoke &amp;quot;org.openqa.selenium.WebDriver.get(String)&amp;quot; because &amp;quot;this.driver&amp;quot; is null">
      <![CDATA[java.lang.NullPointerException: Cannot invoke "org.openqa.selenium.WebDriver.get(String)" because "this.driver" is null
at steps_testng.SecondOpinion_steps.open_the_browser_enter_sparsh_hospital_url(SecondOpinion_steps.java:21)
at ✽.Open the browser, enter sparsh hospital url(file:///C:/Users/janus/Documents/workspace-spring-tool-suite-4-4.23.1.RELEASE/TestNG_Cucumber/src/test/resources/Sparsh%20Hospital/SecondOpinion.feature:9)
]]>
    </failure>
  </testcase> <!-- runScenario -->
  <testcase classname="io.cucumber.testng.AbstractTestNGCucumberTests" name="runScenario" time="0.152">
    <failure type="java.lang.NullPointerException" message="Cannot invoke &amp;quot;org.openqa.selenium.WebDriver.get(String)&amp;quot; because &amp;quot;this.driver&amp;quot; is null">
      <![CDATA[java.lang.NullPointerException: Cannot invoke "org.openqa.selenium.WebDriver.get(String)" because "this.driver" is null
at steps_testng.SecondOpinion_steps.open_the_browser_enter_sparsh_hospital_url(SecondOpinion_steps.java:21)
at ✽.Open the browser, enter sparsh hospital url(file:///C:/Users/janus/Documents/workspace-spring-tool-suite-4-4.23.1.RELEASE/TestNG_Cucumber/src/test/resources/Sparsh%20Hospital/SecondOpinion.feature:19)
]]>
    </failure>
  </testcase> <!-- runScenario -->
  <testcase classname="io.cucumber.testng.AbstractTestNGCucumberTests" name="runScenario" time="0.091">
    <failure type="java.lang.NullPointerException" message="Cannot invoke &amp;quot;org.openqa.selenium.WebDriver.get(String)&amp;quot; because &amp;quot;this.driver&amp;quot; is null">
      <![CDATA[java.lang.NullPointerException: Cannot invoke "org.openqa.selenium.WebDriver.get(String)" because "this.driver" is null
at steps_testng.SecondOpinion_steps.open_the_browser_enter_sparsh_hospital_url(SecondOpinion_steps.java:21)
at ✽.Open the browser, enter sparsh hospital url(file:///C:/Users/janus/Documents/workspace-spring-tool-suite-4-4.23.1.RELEASE/TestNG_Cucumber/src/test/resources/Sparsh%20Hospital/SecondOpinion.feature:19)
]]>
    </failure>
  </testcase> <!-- runScenario -->
  <testcase classname="io.cucumber.testng.AbstractTestNGCucumberTests" name="runScenario" time="0.09">
    <failure type="java.lang.NullPointerException" message="Cannot invoke &amp;quot;org.openqa.selenium.WebDriver.get(String)&amp;quot; because &amp;quot;this.driver&amp;quot; is null">
      <![CDATA[java.lang.NullPointerException: Cannot invoke "org.openqa.selenium.WebDriver.get(String)" because "this.driver" is null
at steps_testng.SecondOpinion_steps.open_the_browser_enter_sparsh_hospital_url(SecondOpinion_steps.java:21)
at ✽.Open the browser, enter sparsh hospital url(file:///C:/Users/janus/Documents/workspace-spring-tool-suite-4-4.23.1.RELEASE/TestNG_Cucumber/src/test/resources/Sparsh%20Hospital/SecondOpinion.feature:19)
]]>
    </failure>
  </testcase> <!-- runScenario -->
</testsuite> <!-- Default test -->
