<?xml version="1.0" encoding="UTF-8"?>
<testng-results ignored="0" total="4" passed="0" failed="4" skipped="0">
  <reporter-output>
  </reporter-output>
  <suite started-at="2024-08-07T11:51:15 IST" name="Default suite" finished-at="2024-08-07T11:51:17 IST" duration-ms="2000">
    <groups>
      <group name="cucumber">
        <method signature="AbstractTestNGCucumberTests.runScenario(io.cucumber.testng.PickleWrapper,io.cucumber.testng.FeatureWrapper)[pri:0, instance:runner.TestRunner@7d9d0818]" name="runScenario" class="io.cucumber.testng.AbstractTestNGCucumberTests"/>
      </group> <!-- cucumber -->
    </groups>
    <test started-at="2024-08-07T11:51:15 IST" name="Default test" finished-at="2024-08-07T11:51:17 IST" duration-ms="2000">
      <class name="runner.TestRunner">
        <test-method is-config="true" signature="setUpClass(org.testng.ITestContext)[pri:0, instance:runner.TestRunner@7d9d0818]" started-at="2024-08-07T11:51:15 IST" name="setUpClass" finished-at="2024-08-07T11:51:16 IST" duration-ms="786" status="PASS">
          <params>
            <param index="0">
              <value>
                <![CDATA[org.testng.TestRunner@ab7a938]]>
              </value>
            </param>
          </params>
          <reporter-output>
          </reporter-output>
        </test-method> <!-- setUpClass -->
        <test-method signature="runScenario(io.cucumber.testng.PickleWrapper,io.cucumber.testng.FeatureWrapper)[pri:0, instance:runner.TestRunner@7d9d0818]" started-at="2024-08-07T11:51:16 IST" name="runScenario" description="Runs Cucumber Scenarios" data-provider="scenarios" finished-at="2024-08-07T11:51:17 IST" duration-ms="582" status="FAIL">
          <params>
            <param index="0">
              <value>
                <![CDATA["To validate the Second opinion feature"]]>
              </value>
            </param>
            <param index="1">
              <value>
                <![CDATA["Second Opinion"]]>
              </value>
            </param>
          </params>
          <exception class="java.lang.NullPointerException">
            <message>
              <![CDATA[Cannot invoke "org.openqa.selenium.WebDriver.get(String)" because "this.driver" is null]]>
            </message>
            <full-stacktrace>
              <![CDATA[java.lang.NullPointerException: Cannot invoke "org.openqa.selenium.WebDriver.get(String)" because "this.driver" is null
at steps_testng.SecondOpinion_steps.open_the_browser_enter_sparsh_hospital_url(SecondOpinion_steps.java:21)
at ✽.Open the browser, enter sparsh hospital url(file:///C:/Users/janus/Documents/workspace-spring-tool-suite-4-4.23.1.RELEASE/TestNG_Cucumber/src/test/resources/Sparsh%20Hospital/SecondOpinion.feature:9)
]]>
            </full-stacktrace>
          </exception> <!-- java.lang.NullPointerException -->
          <reporter-output>
          </reporter-output>
        </test-method> <!-- runScenario -->
        <test-method signature="runScenario(io.cucumber.testng.PickleWrapper,io.cucumber.testng.FeatureWrapper)[pri:0, instance:runner.TestRunner@7d9d0818]" started-at="2024-08-07T11:51:17 IST" name="runScenario" description="Runs Cucumber Scenarios" data-provider="scenarios" finished-at="2024-08-07T11:51:17 IST" duration-ms="152" status="FAIL">
          <params>
            <param index="0">
              <value>
                <![CDATA["To validate the Second opinion feature"]]>
              </value>
            </param>
            <param index="1">
              <value>
                <![CDATA["Second Opinion"]]>
              </value>
            </param>
          </params>
          <exception class="java.lang.NullPointerException">
            <message>
              <![CDATA[Cannot invoke "org.openqa.selenium.WebDriver.get(String)" because "this.driver" is null]]>
            </message>
            <full-stacktrace>
              <![CDATA[java.lang.NullPointerException: Cannot invoke "org.openqa.selenium.WebDriver.get(String)" because "this.driver" is null
at steps_testng.SecondOpinion_steps.open_the_browser_enter_sparsh_hospital_url(SecondOpinion_steps.java:21)
at ✽.Open the browser, enter sparsh hospital url(file:///C:/Users/janus/Documents/workspace-spring-tool-suite-4-4.23.1.RELEASE/TestNG_Cucumber/src/test/resources/Sparsh%20Hospital/SecondOpinion.feature:19)
]]>
            </full-stacktrace>
          </exception> <!-- java.lang.NullPointerException -->
          <reporter-output>
          </reporter-output>
        </test-method> <!-- runScenario -->
        <test-method signature="runScenario(io.cucumber.testng.PickleWrapper,io.cucumber.testng.FeatureWrapper)[pri:0, instance:runner.TestRunner@7d9d0818]" started-at="2024-08-07T11:51:17 IST" name="runScenario" description="Runs Cucumber Scenarios" data-provider="scenarios" finished-at="2024-08-07T11:51:17 IST" duration-ms="91" status="FAIL">
          <params>
            <param index="0">
              <value>
                <![CDATA["To validate the Second opinion feature"]]>
              </value>
            </param>
            <param index="1">
              <value>
                <![CDATA["Second Opinion"]]>
              </value>
            </param>
          </params>
          <exception class="java.lang.NullPointerException">
            <message>
              <![CDATA[Cannot invoke "org.openqa.selenium.WebDriver.get(String)" because "this.driver" is null]]>
            </message>
            <full-stacktrace>
              <![CDATA[java.lang.NullPointerException: Cannot invoke "org.openqa.selenium.WebDriver.get(String)" because "this.driver" is null
at steps_testng.SecondOpinion_steps.open_the_browser_enter_sparsh_hospital_url(SecondOpinion_steps.java:21)
at ✽.Open the browser, enter sparsh hospital url(file:///C:/Users/janus/Documents/workspace-spring-tool-suite-4-4.23.1.RELEASE/TestNG_Cucumber/src/test/resources/Sparsh%20Hospital/SecondOpinion.feature:19)
]]>
            </full-stacktrace>
          </exception> <!-- java.lang.NullPointerException -->
          <reporter-output>
          </reporter-output>
        </test-method> <!-- runScenario -->
        <test-method signature="runScenario(io.cucumber.testng.PickleWrapper,io.cucumber.testng.FeatureWrapper)[pri:0, instance:runner.TestRunner@7d9d0818]" started-at="2024-08-07T11:51:17 IST" name="runScenario" description="Runs Cucumber Scenarios" data-provider="scenarios" finished-at="2024-08-07T11:51:17 IST" duration-ms="90" status="FAIL">
          <params>
            <param index="0">
              <value>
                <![CDATA["To validate the Second opinion feature"]]>
              </value>
            </param>
            <param index="1">
              <value>
                <![CDATA["Second Opinion"]]>
              </value>
            </param>
          </params>
          <exception class="java.lang.NullPointerException">
            <message>
              <![CDATA[Cannot invoke "org.openqa.selenium.WebDriver.get(String)" because "this.driver" is null]]>
            </message>
            <full-stacktrace>
              <![CDATA[java.lang.NullPointerException: Cannot invoke "org.openqa.selenium.WebDriver.get(String)" because "this.driver" is null
at steps_testng.SecondOpinion_steps.open_the_browser_enter_sparsh_hospital_url(SecondOpinion_steps.java:21)
at ✽.Open the browser, enter sparsh hospital url(file:///C:/Users/janus/Documents/workspace-spring-tool-suite-4-4.23.1.RELEASE/TestNG_Cucumber/src/test/resources/Sparsh%20Hospital/SecondOpinion.feature:19)
]]>
            </full-stacktrace>
          </exception> <!-- java.lang.NullPointerException -->
          <reporter-output>
          </reporter-output>
        </test-method> <!-- runScenario -->
        <test-method is-config="true" signature="tearDownClass()[pri:0, instance:runner.TestRunner@7d9d0818]" started-at="2024-08-07T11:51:17 IST" name="tearDownClass" finished-at="2024-08-07T11:51:17 IST" duration-ms="27" status="PASS">
          <reporter-output>
          </reporter-output>
        </test-method> <!-- tearDownClass -->
      </class> <!-- runner.TestRunner -->
    </test> <!-- Default test -->
  </suite> <!-- Default suite -->
</testng-results>
